[1.455s] DEBUG:colcon:Command line arguments: ['/usr/bin/colcon', 'build', '--symlink-install', '--packages-select', 'swarm_exploration']
[1.456s] DEBUG:colcon:Parsed command line arguments: Namespace(log_base=None, log_level=None, verb_name='build', build_base='build', install_base='install', merge_install=False, symlink_install=True, test_result_base=None, continue_on_error=False, executor='parallel', parallel_workers=22, event_handlers=None, ignore_user_meta=False, metas=['./colcon.meta'], base_paths=['.'], packages_ignore=None, packages_ignore_regex=None, paths=None, packages_up_to=None, packages_up_to_regex=None, packages_above=None, packages_above_and_dependencies=None, packages_above_depth=None, packages_select_by_dep=None, packages_skip_by_dep=None, packages_skip_up_to=None, packages_select_build_failed=False, packages_skip_build_finished=False, packages_select_test_failures=False, packages_skip_test_passed=False, packages_select=['swarm_exploration'], packages_skip=None, packages_select_regex=None, packages_skip_regex=None, packages_start=None, packages_end=None, allow_overriding=[], cmake_args=None, cmake_target=None, cmake_target_skip_unavailable=False, cmake_clean_cache=False, cmake_clean_first=False, cmake_force_configure=False, ament_cmake_args=None, catkin_cmake_args=None, catkin_skip_building_tests=False, verb_parser=<colcon_defaults.argument_parser.defaults.DefaultArgumentsDecorator object at 0x74f49e7579e0>, verb_extension=<colcon_core.verb.build.BuildVerb object at 0x74f49e757680>, main=<bound method BuildVerb.main of <colcon_core.verb.build.BuildVerb object at 0x74f49e757680>>)
[1.616s] Level 1:colcon.colcon_core.package_discovery:discover_packages(colcon_meta) check parameters
[1.616s] Level 1:colcon.colcon_core.package_discovery:discover_packages(recursive) check parameters
[1.616s] Level 1:colcon.colcon_core.package_discovery:discover_packages(ignore) check parameters
[1.616s] Level 1:colcon.colcon_core.package_discovery:discover_packages(path) check parameters
[1.616s] Level 1:colcon.colcon_core.package_discovery:discover_packages(colcon_meta) discover
[1.617s] Level 1:colcon.colcon_core.package_discovery:discover_packages(recursive) discover
[1.617s] INFO:colcon.colcon_core.package_discovery:Crawling recursively for packages in '/home/rraina/swarm_ws'
[1.617s] Level 1:colcon.colcon_core.package_identification:_identify(.) by extensions ['ignore', 'ignore_ament_install']
[1.617s] Level 1:colcon.colcon_core.package_identification:_identify(.) by extension 'ignore'
[1.617s] Level 1:colcon.colcon_core.package_identification:_identify(.) by extension 'ignore_ament_install'
[1.618s] Level 1:colcon.colcon_core.package_identification:_identify(.) by extensions ['colcon_pkg']
[1.618s] Level 1:colcon.colcon_core.package_identification:_identify(.) by extension 'colcon_pkg'
[1.618s] Level 1:colcon.colcon_core.package_identification:_identify(.) by extensions ['colcon_meta']
[1.618s] Level 1:colcon.colcon_core.package_identification:_identify(.) by extension 'colcon_meta'
[1.618s] Level 1:colcon.colcon_core.package_identification:_identify(.) by extensions ['ros']
[1.618s] Level 1:colcon.colcon_core.package_identification:_identify(.) by extension 'ros'
[1.703s] Level 1:colcon.colcon_core.package_identification:_identify(.) by extensions ['cmake', 'python']
[1.703s] Level 1:colcon.colcon_core.package_identification:_identify(.) by extension 'cmake'
[1.704s] Level 1:colcon.colcon_core.package_identification:_identify(.) by extension 'python'
[1.704s] Level 1:colcon.colcon_core.package_identification:_identify(.) by extensions ['python_setup_py']
[1.704s] Level 1:colcon.colcon_core.package_identification:_identify(.) by extension 'python_setup_py'
[1.704s] Level 1:colcon.colcon_core.package_identification:_identify(build) by extensions ['ignore', 'ignore_ament_install']
[1.705s] Level 1:colcon.colcon_core.package_identification:_identify(build) by extension 'ignore'
[1.705s] Level 1:colcon.colcon_core.package_identification:_identify(build) ignored
[1.705s] Level 1:colcon.colcon_core.package_identification:_identify(install) by extensions ['ignore', 'ignore_ament_install']
[1.705s] Level 1:colcon.colcon_core.package_identification:_identify(install) by extension 'ignore'
[1.705s] Level 1:colcon.colcon_core.package_identification:_identify(install) ignored
[1.706s] Level 1:colcon.colcon_core.package_identification:_identify(log) by extensions ['ignore', 'ignore_ament_install']
[1.706s] Level 1:colcon.colcon_core.package_identification:_identify(log) by extension 'ignore'
[1.706s] Level 1:colcon.colcon_core.package_identification:_identify(log) ignored
[1.707s] Level 1:colcon.colcon_core.package_identification:_identify(src) by extensions ['ignore', 'ignore_ament_install']
[1.707s] Level 1:colcon.colcon_core.package_identification:_identify(src) by extension 'ignore'
[1.707s] Level 1:colcon.colcon_core.package_identification:_identify(src) by extension 'ignore_ament_install'
[1.708s] Level 1:colcon.colcon_core.package_identification:_identify(src) by extensions ['colcon_pkg']
[1.708s] Level 1:colcon.colcon_core.package_identification:_identify(src) by extension 'colcon_pkg'
[1.708s] Level 1:colcon.colcon_core.package_identification:_identify(src) by extensions ['colcon_meta']
[1.708s] Level 1:colcon.colcon_core.package_identification:_identify(src) by extension 'colcon_meta'
[1.708s] Level 1:colcon.colcon_core.package_identification:_identify(src) by extensions ['ros']
[1.708s] Level 1:colcon.colcon_core.package_identification:_identify(src) by extension 'ros'
[1.709s] Level 1:colcon.colcon_core.package_identification:_identify(src) by extensions ['cmake', 'python']
[1.709s] Level 1:colcon.colcon_core.package_identification:_identify(src) by extension 'cmake'
[1.709s] Level 1:colcon.colcon_core.package_identification:_identify(src) by extension 'python'
[1.709s] Level 1:colcon.colcon_core.package_identification:_identify(src) by extensions ['python_setup_py']
[1.709s] Level 1:colcon.colcon_core.package_identification:_identify(src) by extension 'python_setup_py'
[1.709s] Level 1:colcon.colcon_core.package_identification:_identify(src/swarm_exploration) by extensions ['ignore', 'ignore_ament_install']
[1.709s] Level 1:colcon.colcon_core.package_identification:_identify(src/swarm_exploration) by extension 'ignore'
[1.710s] Level 1:colcon.colcon_core.package_identification:_identify(src/swarm_exploration) by extension 'ignore_ament_install'
[1.710s] Level 1:colcon.colcon_core.package_identification:_identify(src/swarm_exploration) by extensions ['colcon_pkg']
[1.710s] Level 1:colcon.colcon_core.package_identification:_identify(src/swarm_exploration) by extension 'colcon_pkg'
[1.710s] Level 1:colcon.colcon_core.package_identification:_identify(src/swarm_exploration) by extensions ['colcon_meta']
[1.710s] Level 1:colcon.colcon_core.package_identification:_identify(src/swarm_exploration) by extension 'colcon_meta'
[1.710s] Level 1:colcon.colcon_core.package_identification:_identify(src/swarm_exploration) by extensions ['ros']
[1.710s] Level 1:colcon.colcon_core.package_identification:_identify(src/swarm_exploration) by extension 'ros'
[1.720s] DEBUG:colcon.colcon_core.package_identification:Package 'src/swarm_exploration' with type 'ros.ament_python' and name 'swarm_exploration'
[1.721s] Level 1:colcon.colcon_core.package_discovery:discover_packages(recursive) using defaults
[1.721s] Level 1:colcon.colcon_core.package_discovery:discover_packages(ignore) discover
[1.721s] Level 1:colcon.colcon_core.package_discovery:discover_packages(ignore) using defaults
[1.722s] Level 1:colcon.colcon_core.package_discovery:discover_packages(path) discover
[1.723s] Level 1:colcon.colcon_core.package_discovery:discover_packages(path) using defaults
[1.813s] Level 1:colcon.colcon_core.package_discovery:discover_packages(prefix_path) check parameters
[1.813s] Level 1:colcon.colcon_core.package_discovery:discover_packages(prefix_path) discover
[1.830s] DEBUG:colcon.colcon_installed_package_information.package_discovery:Found 442 installed packages in /opt/ros/jazzy
[1.838s] Level 1:colcon.colcon_core.package_discovery:discover_packages(prefix_path) using defaults
[2.039s] Level 5:colcon.colcon_core.verb:set package 'swarm_exploration' build argument 'cmake_args' from command line to 'None'
[2.039s] Level 5:colcon.colcon_core.verb:set package 'swarm_exploration' build argument 'cmake_target' from command line to 'None'
[2.039s] Level 5:colcon.colcon_core.verb:set package 'swarm_exploration' build argument 'cmake_target_skip_unavailable' from command line to 'False'
[2.039s] Level 5:colcon.colcon_core.verb:set package 'swarm_exploration' build argument 'cmake_clean_cache' from command line to 'False'
[2.039s] Level 5:colcon.colcon_core.verb:set package 'swarm_exploration' build argument 'cmake_clean_first' from command line to 'False'
[2.039s] Level 5:colcon.colcon_core.verb:set package 'swarm_exploration' build argument 'cmake_force_configure' from command line to 'False'
[2.039s] Level 5:colcon.colcon_core.verb:set package 'swarm_exploration' build argument 'ament_cmake_args' from command line to 'None'
[2.039s] Level 5:colcon.colcon_core.verb:set package 'swarm_exploration' build argument 'catkin_cmake_args' from command line to 'None'
[2.039s] Level 5:colcon.colcon_core.verb:set package 'swarm_exploration' build argument 'catkin_skip_building_tests' from command line to 'False'
[2.040s] DEBUG:colcon.colcon_core.verb:Building package 'swarm_exploration' with the following arguments: {'ament_cmake_args': None, 'build_base': '/home/rraina/swarm_ws/build/swarm_exploration', 'catkin_cmake_args': None, 'catkin_skip_building_tests': False, 'cmake_args': None, 'cmake_clean_cache': False, 'cmake_clean_first': False, 'cmake_force_configure': False, 'cmake_target': None, 'cmake_target_skip_unavailable': False, 'install_base': '/home/rraina/swarm_ws/install/swarm_exploration', 'merge_install': False, 'path': '/home/rraina/swarm_ws/src/swarm_exploration', 'symlink_install': True, 'test_result_base': None}
[2.040s] INFO:colcon.colcon_core.executor:Executing jobs using 'parallel' executor
[2.042s] DEBUG:colcon.colcon_parallel_executor.executor.parallel:run_until_complete
[2.043s] INFO:colcon.colcon_ros.task.ament_python.build:Building ROS package in '/home/rraina/swarm_ws/src/swarm_exploration' with build type 'ament_python'
[2.043s] Level 1:colcon.colcon_core.shell:create_environment_hook('swarm_exploration', 'ament_prefix_path')
[2.056s] INFO:colcon.colcon_core.plugin_system:Skipping extension 'colcon_core.shell.bat': Not used on non-Windows systems
[2.058s] INFO:colcon.colcon_core.shell:Creating environment hook '/home/rraina/swarm_ws/install/swarm_exploration/share/swarm_exploration/hook/ament_prefix_path.ps1'
[2.061s] INFO:colcon.colcon_core.shell:Creating environment descriptor '/home/rraina/swarm_ws/install/swarm_exploration/share/swarm_exploration/hook/ament_prefix_path.dsv'
[2.063s] INFO:colcon.colcon_core.shell:Creating environment hook '/home/rraina/swarm_ws/install/swarm_exploration/share/swarm_exploration/hook/ament_prefix_path.sh'
[2.065s] INFO:colcon.colcon_core.shell:Skip shell extension 'powershell' for command environment: Not usable outside of PowerShell
[2.065s] DEBUG:colcon.colcon_core.shell:Skip shell extension 'dsv' for command environment
[2.896s] INFO:colcon.colcon_core.task.python.build:Building Python package in '/home/rraina/swarm_ws/src/swarm_exploration'
[2.897s] INFO:colcon.colcon_core.shell:Skip shell extension 'powershell' for command environment: Not usable outside of PowerShell
[2.897s] DEBUG:colcon.colcon_core.shell:Skip shell extension 'dsv' for command environment
[4.521s] DEBUG:colcon.colcon_core.event_handler.log_command:Invoking command in '/home/rraina/swarm_ws/build/swarm_exploration': PYTHONPATH=/home/rraina/swarm_ws/build/swarm_exploration/prefix_override:/usr/lib/python3/dist-packages/colcon_core/task/python/colcon_distutils_commands:/home/rraina/swarm_ws/install/swarm_exploration/lib/python3.12/site-packages:${PYTHONPATH} /usr/bin/python3 -W ignore:setup.py install is deprecated -W ignore:easy_install command is deprecated setup.py develop --editable --build-directory /home/rraina/swarm_ws/build/swarm_exploration/build --no-deps symlink_data
[6.745s] Level 1:colcon.colcon_core.shell:create_environment_hook('swarm_exploration', 'pythonpath_develop')
[6.746s] INFO:colcon.colcon_core.shell:Creating environment hook '/home/rraina/swarm_ws/build/swarm_exploration/share/swarm_exploration/hook/pythonpath_develop.ps1'
[6.749s] DEBUG:colcon.colcon_core.event_handler.log_command:Invoked command in '/home/rraina/swarm_ws/build/swarm_exploration' returned '0': PYTHONPATH=/home/rraina/swarm_ws/build/swarm_exploration/prefix_override:/usr/lib/python3/dist-packages/colcon_core/task/python/colcon_distutils_commands:/home/rraina/swarm_ws/install/swarm_exploration/lib/python3.12/site-packages:${PYTHONPATH} /usr/bin/python3 -W ignore:setup.py install is deprecated -W ignore:easy_install command is deprecated setup.py develop --editable --build-directory /home/rraina/swarm_ws/build/swarm_exploration/build --no-deps symlink_data
[6.751s] INFO:colcon.colcon_core.shell:Creating environment descriptor '/home/rraina/swarm_ws/build/swarm_exploration/share/swarm_exploration/hook/pythonpath_develop.dsv'
[6.753s] INFO:colcon.colcon_core.shell:Creating environment hook '/home/rraina/swarm_ws/build/swarm_exploration/share/swarm_exploration/hook/pythonpath_develop.sh'
[6.761s] Level 1:colcon.colcon_core.environment:checking '/home/rraina/swarm_ws/install/swarm_exploration' for CMake module files
[6.764s] Level 1:colcon.colcon_core.environment:checking '/home/rraina/swarm_ws/install/swarm_exploration' for CMake config files
[6.766s] Level 1:colcon.colcon_core.environment:checking '/home/rraina/swarm_ws/install/swarm_exploration/lib'
[6.767s] Level 1:colcon.colcon_core.environment:checking '/home/rraina/swarm_ws/install/swarm_exploration/bin'
[6.767s] Level 1:colcon.colcon_core.environment:checking '/home/rraina/swarm_ws/install/swarm_exploration/lib/pkgconfig/swarm_exploration.pc'
[6.768s] Level 1:colcon.colcon_core.environment:checking '/home/rraina/swarm_ws/install/swarm_exploration/lib/python3.12/site-packages'
[6.769s] Level 1:colcon.colcon_core.shell:create_environment_hook('swarm_exploration', 'pythonpath')
[6.769s] INFO:colcon.colcon_core.shell:Creating environment hook '/home/rraina/swarm_ws/install/swarm_exploration/share/swarm_exploration/hook/pythonpath.ps1'
[6.770s] INFO:colcon.colcon_core.shell:Creating environment descriptor '/home/rraina/swarm_ws/install/swarm_exploration/share/swarm_exploration/hook/pythonpath.dsv'
[6.772s] INFO:colcon.colcon_core.shell:Creating environment hook '/home/rraina/swarm_ws/install/swarm_exploration/share/swarm_exploration/hook/pythonpath.sh'
[6.774s] Level 1:colcon.colcon_core.environment:checking '/home/rraina/swarm_ws/install/swarm_exploration/bin'
[6.774s] Level 1:colcon.colcon_core.environment:create_environment_scripts_only(swarm_exploration)
[6.774s] INFO:colcon.colcon_core.shell:Creating package script '/home/rraina/swarm_ws/install/swarm_exploration/share/swarm_exploration/package.ps1'
[6.777s] INFO:colcon.colcon_core.shell:Creating package descriptor '/home/rraina/swarm_ws/install/swarm_exploration/share/swarm_exploration/package.dsv'
[6.778s] INFO:colcon.colcon_core.shell:Creating package script '/home/rraina/swarm_ws/install/swarm_exploration/share/swarm_exploration/package.sh'
[6.780s] INFO:colcon.colcon_core.shell:Creating package script '/home/rraina/swarm_ws/install/swarm_exploration/share/swarm_exploration/package.bash'
[6.782s] INFO:colcon.colcon_core.shell:Creating package script '/home/rraina/swarm_ws/install/swarm_exploration/share/swarm_exploration/package.zsh'
[6.784s] Level 1:colcon.colcon_core.environment:create_file_with_runtime_dependencies(/home/rraina/swarm_ws/install/swarm_exploration/share/colcon-core/packages/swarm_exploration)
[6.785s] DEBUG:colcon.colcon_parallel_executor.executor.parallel:closing loop
[6.785s] DEBUG:colcon.colcon_parallel_executor.executor.parallel:loop closed
[6.785s] DEBUG:colcon.colcon_parallel_executor.executor.parallel:run_until_complete finished with '0'
[6.785s] DEBUG:colcon.colcon_core.event_reactor:joining thread
[7.192s] INFO:colcon.colcon_core.plugin_system:Skipping extension 'colcon_notification.desktop_notification.notify_send': Could not find 'notify-send'
[7.193s] INFO:colcon.colcon_core.plugin_system:Skipping extension 'colcon_notification.desktop_notification.terminal_notifier': Not used on non-Darwin systems
[7.193s] INFO:colcon.colcon_core.plugin_system:Skipping extension 'colcon_notification.desktop_notification.win32': Not used on non-Windows systems
[7.193s] INFO:colcon.colcon_notification.desktop_notification:Sending desktop notification using 'notify2'
[7.200s] DEBUG:colcon.colcon_notification.desktop_notification.notify2:Failed to initialize notify2: org.freedesktop.DBus.Error.ServiceUnknown: The name org.freedesktop.Notifications was not provided by any .service files
[7.201s] DEBUG:colcon.colcon_core.event_reactor:joined thread
[7.202s] INFO:colcon.colcon_core.shell:Creating prefix script '/home/rraina/swarm_ws/install/local_setup.ps1'
[7.205s] INFO:colcon.colcon_core.shell:Creating prefix util module '/home/rraina/swarm_ws/install/_local_setup_util_ps1.py'
[7.207s] INFO:colcon.colcon_core.shell:Creating prefix chain script '/home/rraina/swarm_ws/install/setup.ps1'
[7.211s] INFO:colcon.colcon_core.shell:Creating prefix script '/home/rraina/swarm_ws/install/local_setup.sh'
[7.214s] INFO:colcon.colcon_core.shell:Creating prefix util module '/home/rraina/swarm_ws/install/_local_setup_util_sh.py'
[7.216s] INFO:colcon.colcon_core.shell:Creating prefix chain script '/home/rraina/swarm_ws/install/setup.sh'
[7.220s] INFO:colcon.colcon_core.shell:Creating prefix script '/home/rraina/swarm_ws/install/local_setup.bash'
[7.221s] INFO:colcon.colcon_core.shell:Creating prefix chain script '/home/rraina/swarm_ws/install/setup.bash'
[7.224s] INFO:colcon.colcon_core.shell:Creating prefix script '/home/rraina/swarm_ws/install/local_setup.zsh'
[7.226s] INFO:colcon.colcon_core.shell:Creating prefix chain script '/home/rraina/swarm_ws/install/setup.zsh'
