[0.932s] Invoking command in '/home/rraina/swarm_ws/build/swarm_exploration': PYTHONPATH=/home/rraina/swarm_ws/build/swarm_exploration/prefix_override:/usr/lib/python3/dist-packages/colcon_core/task/python/colcon_distutils_commands:/home/rraina/swarm_ws/install/swarm_exploration/lib/python3.12/site-packages:${PYTHONPATH} /usr/bin/python3 -W ignore:setup.py install is deprecated -W ignore:easy_install command is deprecated setup.py develop --editable --build-directory /home/rraina/swarm_ws/build/swarm_exploration/build --no-deps symlink_data
[1.162s] running develop
[1.287s] running egg_info
[1.287s] creating swarm_exploration.egg-info
[1.298s] writing swarm_exploration.egg-info/PKG-INFO
[1.298s] writing dependency_links to swarm_exploration.egg-info/dependency_links.txt
[1.299s] writing requirements to swarm_exploration.egg-info/requires.txt
[1.299s] writing top-level names to swarm_exploration.egg-info/top_level.txt
[1.299s] writing manifest file 'swarm_exploration.egg-info/SOURCES.txt'
[1.310s] reading manifest file 'swarm_exploration.egg-info/SOURCES.txt'
[1.310s] writing manifest file 'swarm_exploration.egg-info/SOURCES.txt'
[1.324s] running build_ext
[1.335s] Creating /home/rraina/swarm_ws/install/swarm_exploration/lib/python3.12/site-packages/swarm-exploration.egg-link (link to .)
[1.336s] 
[1.336s] Installed /home/rraina/swarm_ws/build/swarm_exploration
[1.336s] running symlink_data
[1.336s] creating /home/rraina/swarm_ws/install/swarm_exploration/share/ament_index
[1.336s] creating /home/rraina/swarm_ws/install/swarm_exploration/share/ament_index/resource_index
[1.337s] creating /home/rraina/swarm_ws/install/swarm_exploration/share/ament_index/resource_index/packages
[1.337s] symbolically linking /home/rraina/swarm_ws/build/swarm_exploration/resource/swarm_exploration -> /home/rraina/swarm_ws/install/swarm_exploration/share/ament_index/resource_index/packages
[1.337s] symbolically linking /home/rraina/swarm_ws/build/swarm_exploration/package.xml -> /home/rraina/swarm_ws/install/swarm_exploration/share/swarm_exploration
[1.337s] creating /home/rraina/swarm_ws/install/swarm_exploration/share/swarm_exploration/launch
[1.337s] symbolically linking /home/rraina/swarm_ws/build/swarm_exploration/launch/single_robot.launch.py -> /home/rraina/swarm_ws/install/swarm_exploration/share/swarm_exploration/launch
[1.338s] creating /home/rraina/swarm_ws/install/swarm_exploration/share/swarm_exploration/worlds
[1.338s] symbolically linking /home/rraina/swarm_ws/build/swarm_exploration/worlds/robot_world.sdf -> /home/rraina/swarm_ws/install/swarm_exploration/share/swarm_exploration/worlds
[1.359s] Invoked command in '/home/rraina/swarm_ws/build/swarm_exploration' returned '0': PYTHONPATH=/home/rraina/swarm_ws/build/swarm_exploration/prefix_override:/usr/lib/python3/dist-packages/colcon_core/task/python/colcon_distutils_commands:/home/rraina/swarm_ws/install/swarm_exploration/lib/python3.12/site-packages:${PYTHONPATH} /usr/bin/python3 -W ignore:setup.py install is deprecated -W ignore:easy_install command is deprecated setup.py develop --editable --build-directory /home/rraina/swarm_ws/build/swarm_exploration/build --no-deps symlink_data
