[0.879s] DEBUG:colcon:Command line arguments: ['/usr/bin/colcon', 'build', '--symlink-install']
[0.879s] DEBUG:colcon:Parsed command line arguments: Namespace(log_base=None, log_level=None, verb_name='build', build_base='build', install_base='install', merge_install=False, symlink_install=True, test_result_base=None, continue_on_error=False, executor='parallel', parallel_workers=22, event_handlers=None, ignore_user_meta=False, metas=['./colcon.meta'], base_paths=['.'], packages_ignore=None, packages_ignore_regex=None, paths=None, packages_up_to=None, packages_up_to_regex=None, packages_above=None, packages_above_and_dependencies=None, packages_above_depth=None, packages_select_by_dep=None, packages_skip_by_dep=None, packages_skip_up_to=None, packages_select_build_failed=False, packages_skip_build_finished=False, packages_select_test_failures=False, packages_skip_test_passed=False, packages_select=None, packages_skip=None, packages_select_regex=None, packages_skip_regex=None, packages_start=None, packages_end=None, allow_overriding=[], cmake_args=None, cmake_target=None, cmake_target_skip_unavailable=False, cmake_clean_cache=False, cmake_clean_first=False, cmake_force_configure=False, ament_cmake_args=None, catkin_cmake_args=None, catkin_skip_building_tests=False, verb_parser=<colcon_defaults.argument_parser.defaults.DefaultArgumentsDecorator object at 0x7c4355f6b950>, verb_extension=<colcon_core.verb.build.BuildVerb object at 0x7c4355f6b6e0>, main=<bound method BuildVerb.main of <colcon_core.verb.build.BuildVerb object at 0x7c4355f6b6e0>>)
[1.009s] Level 1:colcon.colcon_core.package_discovery:discover_packages(colcon_meta) check parameters
[1.010s] Level 1:colcon.colcon_core.package_discovery:discover_packages(recursive) check parameters
[1.010s] Level 1:colcon.colcon_core.package_discovery:discover_packages(ignore) check parameters
[1.010s] Level 1:colcon.colcon_core.package_discovery:discover_packages(path) check parameters
[1.010s] Level 1:colcon.colcon_core.package_discovery:discover_packages(colcon_meta) discover
[1.010s] Level 1:colcon.colcon_core.package_discovery:discover_packages(recursive) discover
[1.010s] INFO:colcon.colcon_core.package_discovery:Crawling recursively for packages in '/home/rraina/swarm_ws'
[1.011s] Level 1:colcon.colcon_core.package_identification:_identify(.) by extensions ['ignore', 'ignore_ament_install']
[1.011s] Level 1:colcon.colcon_core.package_identification:_identify(.) by extension 'ignore'
[1.011s] Level 1:colcon.colcon_core.package_identification:_identify(.) by extension 'ignore_ament_install'
[1.011s] Level 1:colcon.colcon_core.package_identification:_identify(.) by extensions ['colcon_pkg']
[1.011s] Level 1:colcon.colcon_core.package_identification:_identify(.) by extension 'colcon_pkg'
[1.011s] Level 1:colcon.colcon_core.package_identification:_identify(.) by extensions ['colcon_meta']
[1.011s] Level 1:colcon.colcon_core.package_identification:_identify(.) by extension 'colcon_meta'
[1.011s] Level 1:colcon.colcon_core.package_identification:_identify(.) by extensions ['ros']
[1.011s] Level 1:colcon.colcon_core.package_identification:_identify(.) by extension 'ros'
[1.092s] Level 1:colcon.colcon_core.package_identification:_identify(.) by extensions ['cmake', 'python']
[1.092s] Level 1:colcon.colcon_core.package_identification:_identify(.) by extension 'cmake'
[1.092s] Level 1:colcon.colcon_core.package_identification:_identify(.) by extension 'python'
[1.092s] Level 1:colcon.colcon_core.package_identification:_identify(.) by extensions ['python_setup_py']
[1.092s] Level 1:colcon.colcon_core.package_identification:_identify(.) by extension 'python_setup_py'
[1.093s] Level 1:colcon.colcon_core.package_identification:_identify(build) by extensions ['ignore', 'ignore_ament_install']
[1.093s] Level 1:colcon.colcon_core.package_identification:_identify(build) by extension 'ignore'
[1.093s] Level 1:colcon.colcon_core.package_identification:_identify(build) ignored
[1.093s] Level 1:colcon.colcon_core.package_identification:_identify(install) by extensions ['ignore', 'ignore_ament_install']
[1.094s] Level 1:colcon.colcon_core.package_identification:_identify(install) by extension 'ignore'
[1.094s] Level 1:colcon.colcon_core.package_identification:_identify(install) ignored
[1.094s] Level 1:colcon.colcon_core.package_identification:_identify(log) by extensions ['ignore', 'ignore_ament_install']
[1.095s] Level 1:colcon.colcon_core.package_identification:_identify(log) by extension 'ignore'
[1.095s] Level 1:colcon.colcon_core.package_identification:_identify(log) ignored
[1.095s] Level 1:colcon.colcon_core.package_identification:_identify(src) by extensions ['ignore', 'ignore_ament_install']
[1.096s] Level 1:colcon.colcon_core.package_identification:_identify(src) by extension 'ignore'
[1.096s] Level 1:colcon.colcon_core.package_identification:_identify(src) by extension 'ignore_ament_install'
[1.096s] Level 1:colcon.colcon_core.package_identification:_identify(src) by extensions ['colcon_pkg']
[1.097s] Level 1:colcon.colcon_core.package_identification:_identify(src) by extension 'colcon_pkg'
[1.097s] Level 1:colcon.colcon_core.package_identification:_identify(src) by extensions ['colcon_meta']
[1.097s] Level 1:colcon.colcon_core.package_identification:_identify(src) by extension 'colcon_meta'
[1.097s] Level 1:colcon.colcon_core.package_identification:_identify(src) by extensions ['ros']
[1.097s] Level 1:colcon.colcon_core.package_identification:_identify(src) by extension 'ros'
[1.097s] Level 1:colcon.colcon_core.package_identification:_identify(src) by extensions ['cmake', 'python']
[1.097s] Level 1:colcon.colcon_core.package_identification:_identify(src) by extension 'cmake'
[1.097s] Level 1:colcon.colcon_core.package_identification:_identify(src) by extension 'python'
[1.098s] Level 1:colcon.colcon_core.package_identification:_identify(src) by extensions ['python_setup_py']
[1.098s] Level 1:colcon.colcon_core.package_identification:_identify(src) by extension 'python_setup_py'
[1.098s] Level 1:colcon.colcon_core.package_identification:_identify(src/swarm_exploration) by extensions ['ignore', 'ignore_ament_install']
[1.099s] Level 1:colcon.colcon_core.package_identification:_identify(src/swarm_exploration) by extension 'ignore'
[1.099s] Level 1:colcon.colcon_core.package_identification:_identify(src/swarm_exploration) by extension 'ignore_ament_install'
[1.099s] Level 1:colcon.colcon_core.package_identification:_identify(src/swarm_exploration) by extensions ['colcon_pkg']
[1.099s] Level 1:colcon.colcon_core.package_identification:_identify(src/swarm_exploration) by extension 'colcon_pkg'
[1.099s] Level 1:colcon.colcon_core.package_identification:_identify(src/swarm_exploration) by extensions ['colcon_meta']
[1.099s] Level 1:colcon.colcon_core.package_identification:_identify(src/swarm_exploration) by extension 'colcon_meta'
[1.099s] Level 1:colcon.colcon_core.package_identification:_identify(src/swarm_exploration) by extensions ['ros']
[1.099s] Level 1:colcon.colcon_core.package_identification:_identify(src/swarm_exploration) by extension 'ros'
[1.106s] DEBUG:colcon.colcon_core.package_identification:Package 'src/swarm_exploration' with type 'ros.ament_python' and name 'swarm_exploration'
[1.106s] Level 1:colcon.colcon_core.package_discovery:discover_packages(recursive) using defaults
[1.107s] Level 1:colcon.colcon_core.package_discovery:discover_packages(ignore) discover
[1.107s] Level 1:colcon.colcon_core.package_discovery:discover_packages(ignore) using defaults
[1.107s] Level 1:colcon.colcon_core.package_discovery:discover_packages(path) discover
[1.107s] Level 1:colcon.colcon_core.package_discovery:discover_packages(path) using defaults
[1.161s] Level 1:colcon.colcon_core.package_discovery:discover_packages(prefix_path) check parameters
[1.161s] Level 1:colcon.colcon_core.package_discovery:discover_packages(prefix_path) discover
[1.168s] DEBUG:colcon.colcon_installed_package_information.package_discovery:Found 1 installed packages in /home/rraina/swarm_ws/install
[1.173s] DEBUG:colcon.colcon_installed_package_information.package_discovery:Found 442 installed packages in /opt/ros/jazzy
[1.177s] Level 1:colcon.colcon_core.package_discovery:discover_packages(prefix_path) using defaults
[1.380s] Level 5:colcon.colcon_core.verb:set package 'swarm_exploration' build argument 'cmake_args' from command line to 'None'
[1.381s] Level 5:colcon.colcon_core.verb:set package 'swarm_exploration' build argument 'cmake_target' from command line to 'None'
[1.381s] Level 5:colcon.colcon_core.verb:set package 'swarm_exploration' build argument 'cmake_target_skip_unavailable' from command line to 'False'
[1.381s] Level 5:colcon.colcon_core.verb:set package 'swarm_exploration' build argument 'cmake_clean_cache' from command line to 'False'
[1.381s] Level 5:colcon.colcon_core.verb:set package 'swarm_exploration' build argument 'cmake_clean_first' from command line to 'False'
[1.381s] Level 5:colcon.colcon_core.verb:set package 'swarm_exploration' build argument 'cmake_force_configure' from command line to 'False'
[1.381s] Level 5:colcon.colcon_core.verb:set package 'swarm_exploration' build argument 'ament_cmake_args' from command line to 'None'
[1.381s] Level 5:colcon.colcon_core.verb:set package 'swarm_exploration' build argument 'catkin_cmake_args' from command line to 'None'
[1.381s] Level 5:colcon.colcon_core.verb:set package 'swarm_exploration' build argument 'catkin_skip_building_tests' from command line to 'False'
[1.381s] DEBUG:colcon.colcon_core.verb:Building package 'swarm_exploration' with the following arguments: {'ament_cmake_args': None, 'build_base': '/home/rraina/swarm_ws/build/swarm_exploration', 'catkin_cmake_args': None, 'catkin_skip_building_tests': False, 'cmake_args': None, 'cmake_clean_cache': False, 'cmake_clean_first': False, 'cmake_force_configure': False, 'cmake_target': None, 'cmake_target_skip_unavailable': False, 'install_base': '/home/rraina/swarm_ws/install/swarm_exploration', 'merge_install': False, 'path': '/home/rraina/swarm_ws/src/swarm_exploration', 'symlink_install': True, 'test_result_base': None}
[1.381s] INFO:colcon.colcon_core.executor:Executing jobs using 'parallel' executor
[1.384s] DEBUG:colcon.colcon_parallel_executor.executor.parallel:run_until_complete
[1.384s] INFO:colcon.colcon_ros.task.ament_python.build:Building ROS package in '/home/rraina/swarm_ws/src/swarm_exploration' with build type 'ament_python'
[1.385s] Level 1:colcon.colcon_core.shell:create_environment_hook('swarm_exploration', 'ament_prefix_path')
[1.390s] INFO:colcon.colcon_core.plugin_system:Skipping extension 'colcon_core.shell.bat': Not used on non-Windows systems
[1.390s] INFO:colcon.colcon_core.shell:Creating environment hook '/home/rraina/swarm_ws/install/swarm_exploration/share/swarm_exploration/hook/ament_prefix_path.ps1'
[1.391s] INFO:colcon.colcon_core.shell:Creating environment descriptor '/home/rraina/swarm_ws/install/swarm_exploration/share/swarm_exploration/hook/ament_prefix_path.dsv'
[1.392s] INFO:colcon.colcon_core.shell:Creating environment hook '/home/rraina/swarm_ws/install/swarm_exploration/share/swarm_exploration/hook/ament_prefix_path.sh'
[1.399s] INFO:colcon.colcon_core.shell:Skip shell extension 'powershell' for command environment: Not usable outside of PowerShell
[1.399s] DEBUG:colcon.colcon_core.shell:Skip shell extension 'dsv' for command environment
[2.157s] INFO:colcon.colcon_core.task.python.build:Building Python package in '/home/rraina/swarm_ws/src/swarm_exploration'
[2.157s] INFO:colcon.colcon_core.shell:Skip shell extension 'powershell' for command environment: Not usable outside of PowerShell
[2.157s] DEBUG:colcon.colcon_core.shell:Skip shell extension 'dsv' for command environment
[4.138s] DEBUG:colcon.colcon_core.event_handler.log_command:Invoking command in '/home/rraina/swarm_ws/build/swarm_exploration': PYTHONPATH=/home/rraina/swarm_ws/build/swarm_exploration/prefix_override:/usr/lib/python3/dist-packages/colcon_core/task/python/colcon_distutils_commands:/home/rraina/swarm_ws/install/swarm_exploration/lib/python3.12/site-packages:${PYTHONPATH} /usr/bin/python3 -W ignore:setup.py install is deprecated -W ignore:easy_install command is deprecated setup.py develop --editable --build-directory /home/rraina/swarm_ws/build/swarm_exploration/build --no-deps symlink_data
[6.355s] Level 1:colcon.colcon_core.shell:create_environment_hook('swarm_exploration', 'pythonpath_develop')
[6.357s] INFO:colcon.colcon_core.shell:Creating environment hook '/home/rraina/swarm_ws/build/swarm_exploration/share/swarm_exploration/hook/pythonpath_develop.ps1'
[6.358s] DEBUG:colcon.colcon_core.event_handler.log_command:Invoked command in '/home/rraina/swarm_ws/build/swarm_exploration' returned '0': PYTHONPATH=/home/rraina/swarm_ws/build/swarm_exploration/prefix_override:/usr/lib/python3/dist-packages/colcon_core/task/python/colcon_distutils_commands:/home/rraina/swarm_ws/install/swarm_exploration/lib/python3.12/site-packages:${PYTHONPATH} /usr/bin/python3 -W ignore:setup.py install is deprecated -W ignore:easy_install command is deprecated setup.py develop --editable --build-directory /home/rraina/swarm_ws/build/swarm_exploration/build --no-deps symlink_data
[6.359s] INFO:colcon.colcon_core.shell:Creating environment descriptor '/home/rraina/swarm_ws/build/swarm_exploration/share/swarm_exploration/hook/pythonpath_develop.dsv'
[6.360s] INFO:colcon.colcon_core.shell:Creating environment hook '/home/rraina/swarm_ws/build/swarm_exploration/share/swarm_exploration/hook/pythonpath_develop.sh'
[6.367s] Level 1:colcon.colcon_core.environment:checking '/home/rraina/swarm_ws/install/swarm_exploration' for CMake module files
[6.368s] Level 1:colcon.colcon_core.environment:checking '/home/rraina/swarm_ws/install/swarm_exploration' for CMake config files
[6.371s] Level 1:colcon.colcon_core.environment:checking '/home/rraina/swarm_ws/install/swarm_exploration/lib'
[6.371s] Level 1:colcon.colcon_core.environment:checking '/home/rraina/swarm_ws/install/swarm_exploration/bin'
[6.372s] Level 1:colcon.colcon_core.environment:checking '/home/rraina/swarm_ws/install/swarm_exploration/lib/pkgconfig/swarm_exploration.pc'
[6.372s] Level 1:colcon.colcon_core.environment:checking '/home/rraina/swarm_ws/install/swarm_exploration/lib/python3.12/site-packages'
[6.373s] Level 1:colcon.colcon_core.shell:create_environment_hook('swarm_exploration', 'pythonpath')
[6.373s] INFO:colcon.colcon_core.shell:Creating environment hook '/home/rraina/swarm_ws/install/swarm_exploration/share/swarm_exploration/hook/pythonpath.ps1'
[6.374s] INFO:colcon.colcon_core.shell:Creating environment descriptor '/home/rraina/swarm_ws/install/swarm_exploration/share/swarm_exploration/hook/pythonpath.dsv'
[6.375s] INFO:colcon.colcon_core.shell:Creating environment hook '/home/rraina/swarm_ws/install/swarm_exploration/share/swarm_exploration/hook/pythonpath.sh'
[6.377s] Level 1:colcon.colcon_core.environment:checking '/home/rraina/swarm_ws/install/swarm_exploration/bin'
[6.377s] Level 1:colcon.colcon_core.environment:create_environment_scripts_only(swarm_exploration)
[6.378s] INFO:colcon.colcon_core.shell:Creating package script '/home/rraina/swarm_ws/install/swarm_exploration/share/swarm_exploration/package.ps1'
[6.380s] INFO:colcon.colcon_core.shell:Creating package descriptor '/home/rraina/swarm_ws/install/swarm_exploration/share/swarm_exploration/package.dsv'
[6.381s] INFO:colcon.colcon_core.shell:Creating package script '/home/rraina/swarm_ws/install/swarm_exploration/share/swarm_exploration/package.sh'
[6.382s] INFO:colcon.colcon_core.shell:Creating package script '/home/rraina/swarm_ws/install/swarm_exploration/share/swarm_exploration/package.bash'
[6.384s] INFO:colcon.colcon_core.shell:Creating package script '/home/rraina/swarm_ws/install/swarm_exploration/share/swarm_exploration/package.zsh'
[6.387s] Level 1:colcon.colcon_core.environment:create_file_with_runtime_dependencies(/home/rraina/swarm_ws/install/swarm_exploration/share/colcon-core/packages/swarm_exploration)
[6.390s] DEBUG:colcon.colcon_parallel_executor.executor.parallel:closing loop
[6.390s] DEBUG:colcon.colcon_parallel_executor.executor.parallel:loop closed
[6.390s] DEBUG:colcon.colcon_parallel_executor.executor.parallel:run_until_complete finished with '0'
[6.390s] DEBUG:colcon.colcon_core.event_reactor:joining thread
[6.678s] INFO:colcon.colcon_core.plugin_system:Skipping extension 'colcon_notification.desktop_notification.notify_send': Could not find 'notify-send'
[6.679s] INFO:colcon.colcon_core.plugin_system:Skipping extension 'colcon_notification.desktop_notification.terminal_notifier': Not used on non-Darwin systems
[6.679s] INFO:colcon.colcon_core.plugin_system:Skipping extension 'colcon_notification.desktop_notification.win32': Not used on non-Windows systems
[6.679s] INFO:colcon.colcon_notification.desktop_notification:Sending desktop notification using 'notify2'
[6.683s] DEBUG:colcon.colcon_notification.desktop_notification.notify2:Failed to initialize notify2: org.freedesktop.DBus.Error.ServiceUnknown: The name org.freedesktop.Notifications was not provided by any .service files
[6.684s] DEBUG:colcon.colcon_core.event_reactor:joined thread
[6.685s] INFO:colcon.colcon_core.shell:Creating prefix script '/home/rraina/swarm_ws/install/local_setup.ps1'
[6.687s] INFO:colcon.colcon_core.shell:Creating prefix util module '/home/rraina/swarm_ws/install/_local_setup_util_ps1.py'
[6.689s] INFO:colcon.colcon_core.shell:Creating prefix chain script '/home/rraina/swarm_ws/install/setup.ps1'
[6.693s] INFO:colcon.colcon_core.shell:Creating prefix script '/home/rraina/swarm_ws/install/local_setup.sh'
[6.695s] INFO:colcon.colcon_core.shell:Creating prefix util module '/home/rraina/swarm_ws/install/_local_setup_util_sh.py'
[6.696s] INFO:colcon.colcon_core.shell:Creating prefix chain script '/home/rraina/swarm_ws/install/setup.sh'
[6.699s] INFO:colcon.colcon_core.shell:Creating prefix script '/home/rraina/swarm_ws/install/local_setup.bash'
[6.701s] INFO:colcon.colcon_core.shell:Creating prefix chain script '/home/rraina/swarm_ws/install/setup.bash'
[6.704s] INFO:colcon.colcon_core.shell:Creating prefix script '/home/rraina/swarm_ws/install/local_setup.zsh'
[6.705s] INFO:colcon.colcon_core.shell:Creating prefix chain script '/home/rraina/swarm_ws/install/setup.zsh'
