[0.603s] DEBUG:colcon:Command line arguments: ['/usr/bin/colcon', 'build', '--symlink-install', '--packages-select', 'swarm_exploration']
[0.604s] DEBUG:colcon:Parsed command line arguments: Namespace(log_base=None, log_level=None, verb_name='build', build_base='build', install_base='install', merge_install=False, symlink_install=True, test_result_base=None, continue_on_error=False, executor='parallel', parallel_workers=22, event_handlers=None, ignore_user_meta=False, metas=['./colcon.meta'], base_paths=['.'], packages_ignore=None, packages_ignore_regex=None, paths=None, packages_up_to=None, packages_up_to_regex=None, packages_above=None, packages_above_and_dependencies=None, packages_above_depth=None, packages_select_by_dep=None, packages_skip_by_dep=None, packages_skip_up_to=None, packages_select_build_failed=False, packages_skip_build_finished=False, packages_select_test_failures=False, packages_skip_test_passed=False, packages_select=['swarm_exploration'], packages_skip=None, packages_select_regex=None, packages_skip_regex=None, packages_start=None, packages_end=None, allow_overriding=[], cmake_args=None, cmake_target=None, cmake_target_skip_unavailable=False, cmake_clean_cache=False, cmake_clean_first=False, cmake_force_configure=False, ament_cmake_args=None, catkin_cmake_args=None, catkin_skip_building_tests=False, verb_parser=<colcon_defaults.argument_parser.defaults.DefaultArgumentsDecorator object at 0x76054fd27680>, verb_extension=<colcon_core.verb.build.BuildVerb object at 0x76054fd27410>, main=<bound method BuildVerb.main of <colcon_core.verb.build.BuildVerb object at 0x76054fd27410>>)
[0.724s] Level 1:colcon.colcon_core.package_discovery:discover_packages(colcon_meta) check parameters
[0.725s] Level 1:colcon.colcon_core.package_discovery:discover_packages(recursive) check parameters
[0.725s] Level 1:colcon.colcon_core.package_discovery:discover_packages(ignore) check parameters
[0.725s] Level 1:colcon.colcon_core.package_discovery:discover_packages(path) check parameters
[0.725s] Level 1:colcon.colcon_core.package_discovery:discover_packages(colcon_meta) discover
[0.726s] Level 1:colcon.colcon_core.package_discovery:discover_packages(recursive) discover
[0.727s] INFO:colcon.colcon_core.package_discovery:Crawling recursively for packages in '/home/rraina/swarm_ws'
[0.727s] Level 1:colcon.colcon_core.package_identification:_identify(.) by extensions ['ignore', 'ignore_ament_install']
[0.727s] Level 1:colcon.colcon_core.package_identification:_identify(.) by extension 'ignore'
[0.727s] Level 1:colcon.colcon_core.package_identification:_identify(.) by extension 'ignore_ament_install'
[0.727s] Level 1:colcon.colcon_core.package_identification:_identify(.) by extensions ['colcon_pkg']
[0.727s] Level 1:colcon.colcon_core.package_identification:_identify(.) by extension 'colcon_pkg'
[0.727s] Level 1:colcon.colcon_core.package_identification:_identify(.) by extensions ['colcon_meta']
[0.728s] Level 1:colcon.colcon_core.package_identification:_identify(.) by extension 'colcon_meta'
[0.728s] Level 1:colcon.colcon_core.package_identification:_identify(.) by extensions ['ros']
[0.728s] Level 1:colcon.colcon_core.package_identification:_identify(.) by extension 'ros'
[0.801s] Level 1:colcon.colcon_core.package_identification:_identify(.) by extensions ['cmake', 'python']
[0.801s] Level 1:colcon.colcon_core.package_identification:_identify(.) by extension 'cmake'
[0.801s] Level 1:colcon.colcon_core.package_identification:_identify(.) by extension 'python'
[0.801s] Level 1:colcon.colcon_core.package_identification:_identify(.) by extensions ['python_setup_py']
[0.801s] Level 1:colcon.colcon_core.package_identification:_identify(.) by extension 'python_setup_py'
[0.801s] Level 1:colcon.colcon_core.package_identification:_identify(build) by extensions ['ignore', 'ignore_ament_install']
[0.802s] Level 1:colcon.colcon_core.package_identification:_identify(build) by extension 'ignore'
[0.802s] Level 1:colcon.colcon_core.package_identification:_identify(build) ignored
[0.802s] Level 1:colcon.colcon_core.package_identification:_identify(install) by extensions ['ignore', 'ignore_ament_install']
[0.803s] Level 1:colcon.colcon_core.package_identification:_identify(install) by extension 'ignore'
[0.803s] Level 1:colcon.colcon_core.package_identification:_identify(install) ignored
[0.803s] Level 1:colcon.colcon_core.package_identification:_identify(log) by extensions ['ignore', 'ignore_ament_install']
[0.803s] Level 1:colcon.colcon_core.package_identification:_identify(log) by extension 'ignore'
[0.804s] Level 1:colcon.colcon_core.package_identification:_identify(log) ignored
[0.804s] Level 1:colcon.colcon_core.package_identification:_identify(src) by extensions ['ignore', 'ignore_ament_install']
[0.804s] Level 1:colcon.colcon_core.package_identification:_identify(src) by extension 'ignore'
[0.804s] Level 1:colcon.colcon_core.package_identification:_identify(src) by extension 'ignore_ament_install'
[0.804s] Level 1:colcon.colcon_core.package_identification:_identify(src) by extensions ['colcon_pkg']
[0.804s] Level 1:colcon.colcon_core.package_identification:_identify(src) by extension 'colcon_pkg'
[0.805s] Level 1:colcon.colcon_core.package_identification:_identify(src) by extensions ['colcon_meta']
[0.805s] Level 1:colcon.colcon_core.package_identification:_identify(src) by extension 'colcon_meta'
[0.805s] Level 1:colcon.colcon_core.package_identification:_identify(src) by extensions ['ros']
[0.805s] Level 1:colcon.colcon_core.package_identification:_identify(src) by extension 'ros'
[0.805s] Level 1:colcon.colcon_core.package_identification:_identify(src) by extensions ['cmake', 'python']
[0.805s] Level 1:colcon.colcon_core.package_identification:_identify(src) by extension 'cmake'
[0.805s] Level 1:colcon.colcon_core.package_identification:_identify(src) by extension 'python'
[0.805s] Level 1:colcon.colcon_core.package_identification:_identify(src) by extensions ['python_setup_py']
[0.805s] Level 1:colcon.colcon_core.package_identification:_identify(src) by extension 'python_setup_py'
[0.806s] Level 1:colcon.colcon_core.package_identification:_identify(src/swarm_exploration) by extensions ['ignore', 'ignore_ament_install']
[0.806s] Level 1:colcon.colcon_core.package_identification:_identify(src/swarm_exploration) by extension 'ignore'
[0.806s] Level 1:colcon.colcon_core.package_identification:_identify(src/swarm_exploration) by extension 'ignore_ament_install'
[0.806s] Level 1:colcon.colcon_core.package_identification:_identify(src/swarm_exploration) by extensions ['colcon_pkg']
[0.806s] Level 1:colcon.colcon_core.package_identification:_identify(src/swarm_exploration) by extension 'colcon_pkg'
[0.806s] Level 1:colcon.colcon_core.package_identification:_identify(src/swarm_exploration) by extensions ['colcon_meta']
[0.806s] Level 1:colcon.colcon_core.package_identification:_identify(src/swarm_exploration) by extension 'colcon_meta'
[0.806s] Level 1:colcon.colcon_core.package_identification:_identify(src/swarm_exploration) by extensions ['ros']
[0.806s] Level 1:colcon.colcon_core.package_identification:_identify(src/swarm_exploration) by extension 'ros'
[0.812s] DEBUG:colcon.colcon_core.package_identification:Package 'src/swarm_exploration' with type 'ros.ament_python' and name 'swarm_exploration'
[0.812s] Level 1:colcon.colcon_core.package_discovery:discover_packages(recursive) using defaults
[0.812s] Level 1:colcon.colcon_core.package_discovery:discover_packages(ignore) discover
[0.812s] Level 1:colcon.colcon_core.package_discovery:discover_packages(ignore) using defaults
[0.812s] Level 1:colcon.colcon_core.package_discovery:discover_packages(path) discover
[0.812s] Level 1:colcon.colcon_core.package_discovery:discover_packages(path) using defaults
[0.870s] Level 1:colcon.colcon_core.package_discovery:discover_packages(prefix_path) check parameters
[0.871s] Level 1:colcon.colcon_core.package_discovery:discover_packages(prefix_path) discover
[0.877s] DEBUG:colcon.colcon_installed_package_information.package_discovery:Found 442 installed packages in /opt/ros/jazzy
[0.883s] Level 1:colcon.colcon_core.package_discovery:discover_packages(prefix_path) using defaults
[1.055s] Level 5:colcon.colcon_core.verb:set package 'swarm_exploration' build argument 'cmake_args' from command line to 'None'
[1.055s] Level 5:colcon.colcon_core.verb:set package 'swarm_exploration' build argument 'cmake_target' from command line to 'None'
[1.056s] Level 5:colcon.colcon_core.verb:set package 'swarm_exploration' build argument 'cmake_target_skip_unavailable' from command line to 'False'
[1.056s] Level 5:colcon.colcon_core.verb:set package 'swarm_exploration' build argument 'cmake_clean_cache' from command line to 'False'
[1.056s] Level 5:colcon.colcon_core.verb:set package 'swarm_exploration' build argument 'cmake_clean_first' from command line to 'False'
[1.056s] Level 5:colcon.colcon_core.verb:set package 'swarm_exploration' build argument 'cmake_force_configure' from command line to 'False'
[1.056s] Level 5:colcon.colcon_core.verb:set package 'swarm_exploration' build argument 'ament_cmake_args' from command line to 'None'
[1.056s] Level 5:colcon.colcon_core.verb:set package 'swarm_exploration' build argument 'catkin_cmake_args' from command line to 'None'
[1.056s] Level 5:colcon.colcon_core.verb:set package 'swarm_exploration' build argument 'catkin_skip_building_tests' from command line to 'False'
[1.056s] DEBUG:colcon.colcon_core.verb:Building package 'swarm_exploration' with the following arguments: {'ament_cmake_args': None, 'build_base': '/home/rraina/swarm_ws/build/swarm_exploration', 'catkin_cmake_args': None, 'catkin_skip_building_tests': False, 'cmake_args': None, 'cmake_clean_cache': False, 'cmake_clean_first': False, 'cmake_force_configure': False, 'cmake_target': None, 'cmake_target_skip_unavailable': False, 'install_base': '/home/rraina/swarm_ws/install/swarm_exploration', 'merge_install': False, 'path': '/home/rraina/swarm_ws/src/swarm_exploration', 'symlink_install': True, 'test_result_base': None}
[1.057s] INFO:colcon.colcon_core.executor:Executing jobs using 'parallel' executor
[1.058s] DEBUG:colcon.colcon_parallel_executor.executor.parallel:run_until_complete
[1.059s] INFO:colcon.colcon_ros.task.ament_python.build:Building ROS package in '/home/rraina/swarm_ws/src/swarm_exploration' with build type 'ament_python'
[1.059s] Level 1:colcon.colcon_core.shell:create_environment_hook('swarm_exploration', 'ament_prefix_path')
[1.064s] INFO:colcon.colcon_core.plugin_system:Skipping extension 'colcon_core.shell.bat': Not used on non-Windows systems
[1.065s] INFO:colcon.colcon_core.shell:Creating environment hook '/home/rraina/swarm_ws/install/swarm_exploration/share/swarm_exploration/hook/ament_prefix_path.ps1'
[1.067s] INFO:colcon.colcon_core.shell:Creating environment descriptor '/home/rraina/swarm_ws/install/swarm_exploration/share/swarm_exploration/hook/ament_prefix_path.dsv'
[1.068s] INFO:colcon.colcon_core.shell:Creating environment hook '/home/rraina/swarm_ws/install/swarm_exploration/share/swarm_exploration/hook/ament_prefix_path.sh'
[1.070s] INFO:colcon.colcon_core.shell:Skip shell extension 'powershell' for command environment: Not usable outside of PowerShell
[1.071s] DEBUG:colcon.colcon_core.shell:Skip shell extension 'dsv' for command environment
[1.743s] INFO:colcon.colcon_core.task.python.build:Building Python package in '/home/rraina/swarm_ws/src/swarm_exploration'
[1.743s] INFO:colcon.colcon_core.shell:Skip shell extension 'powershell' for command environment: Not usable outside of PowerShell
[1.743s] DEBUG:colcon.colcon_core.shell:Skip shell extension 'dsv' for command environment
[3.261s] DEBUG:colcon.colcon_core.event_handler.log_command:Invoking command in '/home/rraina/swarm_ws/build/swarm_exploration': PYTHONPATH=/home/rraina/swarm_ws/build/swarm_exploration/prefix_override:/usr/lib/python3/dist-packages/colcon_core/task/python/colcon_distutils_commands:/home/rraina/swarm_ws/install/swarm_exploration/lib/python3.12/site-packages:${PYTHONPATH} /usr/bin/python3 -W ignore:setup.py install is deprecated -W ignore:easy_install command is deprecated setup.py develop --editable --build-directory /home/rraina/swarm_ws/build/swarm_exploration/build --no-deps symlink_data
[5.229s] Level 1:colcon.colcon_core.shell:create_environment_hook('swarm_exploration', 'pythonpath_develop')
[5.230s] DEBUG:colcon.colcon_core.event_handler.log_command:Invoked command in '/home/rraina/swarm_ws/build/swarm_exploration' returned '0': PYTHONPATH=/home/rraina/swarm_ws/build/swarm_exploration/prefix_override:/usr/lib/python3/dist-packages/colcon_core/task/python/colcon_distutils_commands:/home/rraina/swarm_ws/install/swarm_exploration/lib/python3.12/site-packages:${PYTHONPATH} /usr/bin/python3 -W ignore:setup.py install is deprecated -W ignore:easy_install command is deprecated setup.py develop --editable --build-directory /home/rraina/swarm_ws/build/swarm_exploration/build --no-deps symlink_data
[5.231s] INFO:colcon.colcon_core.shell:Creating environment hook '/home/rraina/swarm_ws/build/swarm_exploration/share/swarm_exploration/hook/pythonpath_develop.ps1'
[5.233s] INFO:colcon.colcon_core.shell:Creating environment descriptor '/home/rraina/swarm_ws/build/swarm_exploration/share/swarm_exploration/hook/pythonpath_develop.dsv'
[5.235s] INFO:colcon.colcon_core.shell:Creating environment hook '/home/rraina/swarm_ws/build/swarm_exploration/share/swarm_exploration/hook/pythonpath_develop.sh'
[5.243s] Level 1:colcon.colcon_core.environment:checking '/home/rraina/swarm_ws/install/swarm_exploration' for CMake module files
[5.244s] Level 1:colcon.colcon_core.environment:checking '/home/rraina/swarm_ws/install/swarm_exploration' for CMake config files
[5.246s] Level 1:colcon.colcon_core.environment:checking '/home/rraina/swarm_ws/install/swarm_exploration/lib'
[5.247s] Level 1:colcon.colcon_core.environment:checking '/home/rraina/swarm_ws/install/swarm_exploration/bin'
[5.247s] Level 1:colcon.colcon_core.environment:checking '/home/rraina/swarm_ws/install/swarm_exploration/lib/pkgconfig/swarm_exploration.pc'
[5.247s] Level 1:colcon.colcon_core.environment:checking '/home/rraina/swarm_ws/install/swarm_exploration/lib/python3.12/site-packages'
[5.248s] Level 1:colcon.colcon_core.shell:create_environment_hook('swarm_exploration', 'pythonpath')
[5.248s] INFO:colcon.colcon_core.shell:Creating environment hook '/home/rraina/swarm_ws/install/swarm_exploration/share/swarm_exploration/hook/pythonpath.ps1'
[5.250s] INFO:colcon.colcon_core.shell:Creating environment descriptor '/home/rraina/swarm_ws/install/swarm_exploration/share/swarm_exploration/hook/pythonpath.dsv'
[5.251s] INFO:colcon.colcon_core.shell:Creating environment hook '/home/rraina/swarm_ws/install/swarm_exploration/share/swarm_exploration/hook/pythonpath.sh'
[5.253s] Level 1:colcon.colcon_core.environment:checking '/home/rraina/swarm_ws/install/swarm_exploration/bin'
[5.253s] Level 1:colcon.colcon_core.environment:create_environment_scripts_only(swarm_exploration)
[5.254s] INFO:colcon.colcon_core.shell:Creating package script '/home/rraina/swarm_ws/install/swarm_exploration/share/swarm_exploration/package.ps1'
[5.256s] INFO:colcon.colcon_core.shell:Creating package descriptor '/home/rraina/swarm_ws/install/swarm_exploration/share/swarm_exploration/package.dsv'
[5.258s] INFO:colcon.colcon_core.shell:Creating package script '/home/rraina/swarm_ws/install/swarm_exploration/share/swarm_exploration/package.sh'
[5.259s] INFO:colcon.colcon_core.shell:Creating package script '/home/rraina/swarm_ws/install/swarm_exploration/share/swarm_exploration/package.bash'
[5.261s] INFO:colcon.colcon_core.shell:Creating package script '/home/rraina/swarm_ws/install/swarm_exploration/share/swarm_exploration/package.zsh'
[5.262s] Level 1:colcon.colcon_core.environment:create_file_with_runtime_dependencies(/home/rraina/swarm_ws/install/swarm_exploration/share/colcon-core/packages/swarm_exploration)
[5.264s] DEBUG:colcon.colcon_parallel_executor.executor.parallel:closing loop
[5.264s] DEBUG:colcon.colcon_parallel_executor.executor.parallel:loop closed
[5.265s] DEBUG:colcon.colcon_parallel_executor.executor.parallel:run_until_complete finished with '0'
[5.265s] DEBUG:colcon.colcon_core.event_reactor:joining thread
[5.503s] INFO:colcon.colcon_core.plugin_system:Skipping extension 'colcon_notification.desktop_notification.notify_send': Could not find 'notify-send'
[5.503s] INFO:colcon.colcon_core.plugin_system:Skipping extension 'colcon_notification.desktop_notification.terminal_notifier': Not used on non-Darwin systems
[5.504s] INFO:colcon.colcon_core.plugin_system:Skipping extension 'colcon_notification.desktop_notification.win32': Not used on non-Windows systems
[5.504s] INFO:colcon.colcon_notification.desktop_notification:Sending desktop notification using 'notify2'
[5.507s] DEBUG:colcon.colcon_notification.desktop_notification.notify2:Failed to initialize notify2: org.freedesktop.DBus.Error.ServiceUnknown: The name org.freedesktop.Notifications was not provided by any .service files
[5.507s] DEBUG:colcon.colcon_core.event_reactor:joined thread
[5.508s] INFO:colcon.colcon_core.shell:Creating prefix script '/home/rraina/swarm_ws/install/local_setup.ps1'
[5.509s] INFO:colcon.colcon_core.shell:Creating prefix util module '/home/rraina/swarm_ws/install/_local_setup_util_ps1.py'
[5.514s] INFO:colcon.colcon_core.shell:Creating prefix chain script '/home/rraina/swarm_ws/install/setup.ps1'
[5.516s] INFO:colcon.colcon_core.shell:Creating prefix script '/home/rraina/swarm_ws/install/local_setup.sh'
[5.517s] INFO:colcon.colcon_core.shell:Creating prefix util module '/home/rraina/swarm_ws/install/_local_setup_util_sh.py'
[5.519s] INFO:colcon.colcon_core.shell:Creating prefix chain script '/home/rraina/swarm_ws/install/setup.sh'
[5.521s] INFO:colcon.colcon_core.shell:Creating prefix script '/home/rraina/swarm_ws/install/local_setup.bash'
[5.522s] INFO:colcon.colcon_core.shell:Creating prefix chain script '/home/rraina/swarm_ws/install/setup.bash'
[5.524s] INFO:colcon.colcon_core.shell:Creating prefix script '/home/rraina/swarm_ws/install/local_setup.zsh'
[5.526s] INFO:colcon.colcon_core.shell:Creating prefix chain script '/home/rraina/swarm_ws/install/setup.zsh'
